E:\TCR\第6章 实践项目\RFONLINE-上位机\RFONLINE-PC源码\DEBUG\RFONLINE.BSC
E:\TCR\第6章 实践项目\RFONLINE-上位机\RFONLINE-PC源码\DEBUG\RFONLINE.PCH
E:\TCR\第6章 实践项目\RFONLINE-上位机\RFONLINE-PC源码\DEBUG\STDAFX.SBR
E:\TCR\第6章 实践项目\RFONLINE-上位机\RFONLINE-PC源码\DEBUG\STDAFX.OBJ
E:\TCR\第6章 实践项目\RFONLINE-上位机\RFONLINE-PC源码\DEBUG\VC110.PDB
E:\TCR\第6章 实践项目\RFONLINE-上位机\RFONLINE-PC源码\DEBUG\SERIALPORT.SBR
E:\TCR\第6章 实践项目\RFONLINE-上位机\RFONLINE-PC源码\DEBUG\RFONLINEDLG.SBR
E:\TCR\第6章 实践项目\RFONLINE-上位机\RFONLINE-PC源码\DEBUG\RFONLINE.SBR
E:\TCR\第6章 实践项目\RFONLINE-上位机\RFONLINE-PC源码\DEBUG\PICTURE.SBR
E:\TCR\第6章 实践项目\RFONLINE-上位机\RFONLINE-PC源码\DEBUG\ITHERMOMETERX.SBR
E:\TCR\第6章 实践项目\RFONLINE-上位机\RFONLINE-PC源码\DEBUG\ISWITCHROCKERX.SBR
E:\TCR\第6章 实践项目\RFONLINE-上位机\RFONLINE-PC源码\DEBUG\IPLOTX.SBR
E:\TCR\第6章 实践项目\RFONLINE-上位机\RFONLINE-PC源码\DEBUG\IPLOTTOOLBARX.SBR
E:\TCR\第6章 实践项目\RFONLINE-上位机\RFONLINE-PC源码\DEBUG\IPLOTTABLEX.SBR
E:\TCR\第6章 实践项目\RFONLINE-上位机\RFONLINE-PC源码\DEBUG\IPLOTTABLECOLUMNX.SBR
E:\TCR\第6章 实践项目\RFONLINE-上位机\RFONLINE-PC源码\DEBUG\IPLOTLIMITX.SBR
E:\TCR\第6章 实践项目\RFONLINE-上位机\RFONLINE-PC源码\DEBUG\IPLOTLEGENDX.SBR
E:\TCR\第6章 实践项目\RFONLINE-上位机\RFONLINE-PC源码\DEBUG\IPLOTLABELX.SBR
E:\TCR\第6章 实践项目\RFONLINE-上位机\RFONLINE-PC源码\DEBUG\IPLOTDATAVIEWX.SBR
E:\TCR\第6章 实践项目\RFONLINE-上位机\RFONLINE-PC源码\DEBUG\IPLOTDATACURSORX.SBR
E:\TCR\第6章 实践项目\RFONLINE-上位机\RFONLINE-PC源码\DEBUG\IPLOTCHANNELX.SBR
E:\TCR\第6章 实践项目\RFONLINE-上位机\RFONLINE-PC源码\DEBUG\IPLOTAXISX.SBR
E:\TCR\第6章 实践项目\RFONLINE-上位机\RFONLINE-PC源码\DEBUG\IPLOTANNOTATIONX.SBR
E:\TCR\第6章 实践项目\RFONLINE-上位机\RFONLINE-PC源码\DEBUG\ILEDROUNDX.SBR
E:\TCR\第6章 实践项目\RFONLINE-上位机\RFONLINE-PC源码\DEBUG\ILEDRECTANGLEX.SBR
E:\TCR\第6章 实践项目\RFONLINE-上位机\RFONLINE-PC源码\DEBUG\ILEDRECTANGLEX.OBJ
E:\TCR\第6章 实践项目\RFONLINE-上位机\RFONLINE-PC源码\DEBUG\ILEDROUNDX.OBJ
E:\TCR\第6章 实践项目\RFONLINE-上位机\RFONLINE-PC源码\DEBUG\IPLOTANNOTATIONX.OBJ
E:\TCR\第6章 实践项目\RFONLINE-上位机\RFONLINE-PC源码\DEBUG\IPLOTAXISX.OBJ
E:\TCR\第6章 实践项目\RFONLINE-上位机\RFONLINE-PC源码\DEBUG\IPLOTCHANNELX.OBJ
E:\TCR\第6章 实践项目\RFONLINE-上位机\RFONLINE-PC源码\DEBUG\IPLOTDATACURSORX.OBJ
E:\TCR\第6章 实践项目\RFONLINE-上位机\RFONLINE-PC源码\DEBUG\IPLOTDATAVIEWX.OBJ
E:\TCR\第6章 实践项目\RFONLINE-上位机\RFONLINE-PC源码\DEBUG\IPLOTLABELX.OBJ
E:\TCR\第6章 实践项目\RFONLINE-上位机\RFONLINE-PC源码\DEBUG\IPLOTLEGENDX.OBJ
E:\TCR\第6章 实践项目\RFONLINE-上位机\RFONLINE-PC源码\DEBUG\IPLOTLIMITX.OBJ
E:\TCR\第6章 实践项目\RFONLINE-上位机\RFONLINE-PC源码\DEBUG\IPLOTTABLECOLUMNX.OBJ
E:\TCR\第6章 实践项目\RFONLINE-上位机\RFONLINE-PC源码\DEBUG\IPLOTTABLEX.OBJ
E:\TCR\第6章 实践项目\RFONLINE-上位机\RFONLINE-PC源码\DEBUG\IPLOTTOOLBARX.OBJ
E:\TCR\第6章 实践项目\RFONLINE-上位机\RFONLINE-PC源码\DEBUG\IPLOTX.OBJ
E:\TCR\第6章 实践项目\RFONLINE-上位机\RFONLINE-PC源码\DEBUG\ISWITCHROCKERX.OBJ
E:\TCR\第6章 实践项目\RFONLINE-上位机\RFONLINE-PC源码\DEBUG\ITHERMOMETERX.OBJ
E:\TCR\第6章 实践项目\RFONLINE-上位机\RFONLINE-PC源码\DEBUG\PICTURE.OBJ
E:\TCR\第6章 实践项目\RFONLINE-上位机\RFONLINE-PC源码\DEBUG\RFONLINE.OBJ
E:\TCR\第6章 实践项目\RFONLINE-上位机\RFONLINE-PC源码\DEBUG\RFONLINEDLG.OBJ
E:\TCR\第6章 实践项目\RFONLINE-上位机\RFONLINE-PC源码\DEBUG\SERIALPORT.OBJ
E:\TCR\第6章 实践项目\RFONLINE-上位机\RFONLINE-PC源码\DEBUG\ILEDBARX.SBR
E:\TCR\第6章 实践项目\RFONLINE-上位机\RFONLINE-PC源码\DEBUG\FONT.SBR
E:\TCR\第6章 实践项目\RFONLINE-上位机\RFONLINE-PC源码\DEBUG\FONT.OBJ
E:\TCR\第6章 实践项目\RFONLINE-上位机\RFONLINE-PC源码\DEBUG\ILEDBARX.OBJ
E:\TCR\第6章 实践项目\RFONLINE-上位机\RFONLINE-PC源码\DEBUG\RFONLINE.ILK
E:\TCR\第6章 实践项目\RFONLINE-上位机\RFONLINE-PC源码\DEBUG\RFONLINE.EXE
E:\TCR\第6章 实践项目\RFONLINE-上位机\RFONLINE-PC源码\DEBUG\RFONLINE.PDB
E:\TCR\第6章 实践项目\RFONLINE-上位机\RFONLINE-PC源码\DEBUG\RFONLINE.RES
E:\TCR\第6章 实践项目\RFonline-上位机\RFonline-PC源码\Debug\font.obj
E:\TCR\第6章 实践项目\RFonline-上位机\RFonline-PC源码\Debug\iledbarx.obj
E:\TCR\第6章 实践项目\RFonline-上位机\RFonline-PC源码\Debug\iledrectanglex.obj
E:\TCR\第6章 实践项目\RFonline-上位机\RFonline-PC源码\Debug\iledroundx.obj
E:\TCR\第6章 实践项目\RFonline-上位机\RFonline-PC源码\Debug\iplotannotationx.obj
E:\TCR\第6章 实践项目\RFonline-上位机\RFonline-PC源码\Debug\iplotaxisx.obj
E:\TCR\第6章 实践项目\RFonline-上位机\RFonline-PC源码\Debug\iplotchannelx.obj
E:\TCR\第6章 实践项目\RFonline-上位机\RFonline-PC源码\Debug\iplotdatacursorx.obj
E:\TCR\第6章 实践项目\RFonline-上位机\RFonline-PC源码\Debug\iplotdataviewx.obj
E:\TCR\第6章 实践项目\RFonline-上位机\RFonline-PC源码\Debug\iplotlabelx.obj
E:\TCR\第6章 实践项目\RFonline-上位机\RFonline-PC源码\Debug\iplotlegendx.obj
E:\TCR\第6章 实践项目\RFonline-上位机\RFonline-PC源码\Debug\iplotlimitx.obj
E:\TCR\第6章 实践项目\RFonline-上位机\RFonline-PC源码\Debug\iplottablecolumnx.obj
E:\TCR\第6章 实践项目\RFonline-上位机\RFonline-PC源码\Debug\iplottablex.obj
E:\TCR\第6章 实践项目\RFonline-上位机\RFonline-PC源码\Debug\iplottoolbarx.obj
E:\TCR\第6章 实践项目\RFonline-上位机\RFonline-PC源码\Debug\iplotx.obj
E:\TCR\第6章 实践项目\RFonline-上位机\RFonline-PC源码\Debug\iswitchrockerx.obj
E:\TCR\第6章 实践项目\RFonline-上位机\RFonline-PC源码\Debug\ithermometerx.obj
E:\TCR\第6章 实践项目\RFonline-上位机\RFonline-PC源码\Debug\picture.obj
E:\TCR\第6章 实践项目\RFonline-上位机\RFonline-PC源码\Debug\RFonline.obj
E:\TCR\第6章 实践项目\RFonline-上位机\RFonline-PC源码\Debug\RFonlineDlg.obj
E:\TCR\第6章 实践项目\RFonline-上位机\RFonline-PC源码\Debug\SerialPort.obj
E:\TCR\第6章 实践项目\RFonline-上位机\RFonline-PC源码\Debug\StdAfx.obj
E:\TCR\第6章 实践项目\RFonline-上位机\RFonline-PC源码\Debug\RFonline.ilk
E:\TCR\第6章 实践项目\RFonline-上位机\RFonline-PC源码\Debug\BscMake.command.1.tlog
E:\TCR\第6章 实践项目\RFonline-上位机\RFonline-PC源码\Debug\bscmake.read.1.tlog
E:\TCR\第6章 实践项目\RFonline-上位机\RFonline-PC源码\Debug\bscmake.write.1.tlog
E:\TCR\第6章 实践项目\RFonline-上位机\RFonline-PC源码\Debug\cl.command.1.tlog
E:\TCR\第6章 实践项目\RFonline-上位机\RFonline-PC源码\Debug\CL.read.1.tlog
E:\TCR\第6章 实践项目\RFonline-上位机\RFonline-PC源码\Debug\CL.write.1.tlog
E:\TCR\第6章 实践项目\RFonline-上位机\RFonline-PC源码\Debug\link-cvtres.read.1.tlog
E:\TCR\第6章 实践项目\RFonline-上位机\RFonline-PC源码\Debug\link-cvtres.write.1.tlog
E:\TCR\第6章 实践项目\RFonline-上位机\RFonline-PC源码\Debug\link-mt.read.1.tlog
E:\TCR\第6章 实践项目\RFonline-上位机\RFonline-PC源码\Debug\link-mt.write.1.tlog
E:\TCR\第6章 实践项目\RFonline-上位机\RFonline-PC源码\Debug\link-rc.read.1.tlog
E:\TCR\第6章 实践项目\RFonline-上位机\RFonline-PC源码\Debug\link-rc.write.1.tlog
E:\TCR\第6章 实践项目\RFonline-上位机\RFonline-PC源码\Debug\link.command.1.tlog
E:\TCR\第6章 实践项目\RFonline-上位机\RFonline-PC源码\Debug\link.read.1.tlog
E:\TCR\第6章 实践项目\RFonline-上位机\RFonline-PC源码\Debug\link.write.1.tlog
E:\TCR\第6章 实践项目\RFonline-上位机\RFonline-PC源码\Debug\rc.command.1.tlog
E:\TCR\第6章 实践项目\RFonline-上位机\RFonline-PC源码\Debug\rc.read.1.tlog
E:\TCR\第6章 实践项目\RFonline-上位机\RFonline-PC源码\Debug\rc.write.1.tlog
E:\TCR\第6章 实践项目\RFonline-上位机\RFonline-PC源码\Debug\RFonline.res
E:\TCR\第6章 实践项目\RFonline-上位机\RFonline-PC源码\Debug\RFonline.pch
E:\TCR\第6章 实践项目\RFonline-上位机\RFonline-PC源码\Debug\vc110.idb
E:\TCR\第6章 实践项目\RFonline-上位机\RFonline-PC源码\Debug\RFonline.pdb
E:\TCR\第6章 实践项目\RFonline-上位机\RFonline-PC源码\Debug\vc110.pdb
E:\TCR\第6章 实践项目\RFonline-上位机\RFonline-PC源码\Debug\RFonline.bsc
E:\TCR\第6章 实践项目\RFonline-上位机\RFonline-PC源码\Debug\font.sbr
E:\TCR\第6章 实践项目\RFonline-上位机\RFonline-PC源码\Debug\iledbarx.sbr
E:\TCR\第6章 实践项目\RFonline-上位机\RFonline-PC源码\Debug\iledrectanglex.sbr
E:\TCR\第6章 实践项目\RFonline-上位机\RFonline-PC源码\Debug\iledroundx.sbr
E:\TCR\第6章 实践项目\RFonline-上位机\RFonline-PC源码\Debug\iplotannotationx.sbr
E:\TCR\第6章 实践项目\RFonline-上位机\RFonline-PC源码\Debug\iplotaxisx.sbr
E:\TCR\第6章 实践项目\RFonline-上位机\RFonline-PC源码\Debug\iplotchannelx.sbr
E:\TCR\第6章 实践项目\RFonline-上位机\RFonline-PC源码\Debug\iplotdatacursorx.sbr
E:\TCR\第6章 实践项目\RFonline-上位机\RFonline-PC源码\Debug\iplotdataviewx.sbr
E:\TCR\第6章 实践项目\RFonline-上位机\RFonline-PC源码\Debug\iplotlabelx.sbr
E:\TCR\第6章 实践项目\RFonline-上位机\RFonline-PC源码\Debug\iplotlegendx.sbr
E:\TCR\第6章 实践项目\RFonline-上位机\RFonline-PC源码\Debug\iplotlimitx.sbr
E:\TCR\第6章 实践项目\RFonline-上位机\RFonline-PC源码\Debug\iplottablecolumnx.sbr
E:\TCR\第6章 实践项目\RFonline-上位机\RFonline-PC源码\Debug\iplottablex.sbr
E:\TCR\第6章 实践项目\RFonline-上位机\RFonline-PC源码\Debug\iplottoolbarx.sbr
E:\TCR\第6章 实践项目\RFonline-上位机\RFonline-PC源码\Debug\iplotx.sbr
E:\TCR\第6章 实践项目\RFonline-上位机\RFonline-PC源码\Debug\iswitchrockerx.sbr
E:\TCR\第6章 实践项目\RFonline-上位机\RFonline-PC源码\Debug\ithermometerx.sbr
E:\TCR\第6章 实践项目\RFonline-上位机\RFonline-PC源码\Debug\picture.sbr
E:\TCR\第6章 实践项目\RFonline-上位机\RFonline-PC源码\Debug\RFonline.sbr
E:\TCR\第6章 实践项目\RFonline-上位机\RFonline-PC源码\Debug\RFonlineDlg.sbr
E:\TCR\第6章 实践项目\RFonline-上位机\RFonline-PC源码\Debug\SerialPort.sbr
E:\TCR\第6章 实践项目\RFonline-上位机\RFonline-PC源码\Debug\StdAfx.sbr
E:\TCR\第6章 实践项目\RFonline-上位机\RFonline-PC源码\.\Debug\RFonline.exe
